\BOOKMARK [0][-]{chapter.1}{\376\377\0001\000\040\000N\000a\000m\000e\000s\000p\000a\000c\000e\000\040\000I\000n\000d\000e\000x}{}% 1
\BOOKMARK [1][-]{section.1.1}{\376\377\0001\000.\0001\000\040\000N\000a\000m\000e\000s\000p\000a\000c\000e\000\040\000L\000i\000s\000t}{chapter.1}% 2
\BOOKMARK [0][-]{chapter.2}{\376\377\0002\000\040\000H\000i\000e\000r\000a\000r\000c\000h\000i\000c\000a\000l\000\040\000I\000n\000d\000e\000x}{}% 3
\BOOKMARK [1][-]{section.2.1}{\376\377\0002\000.\0001\000\040\000C\000l\000a\000s\000s\000\040\000H\000i\000e\000r\000a\000r\000c\000h\000y}{chapter.2}% 4
\BOOKMARK [0][-]{chapter.3}{\376\377\0003\000\040\000C\000l\000a\000s\000s\000\040\000I\000n\000d\000e\000x}{}% 5
\BOOKMARK [1][-]{section.3.1}{\376\377\0003\000.\0001\000\040\000C\000l\000a\000s\000s\000\040\000L\000i\000s\000t}{chapter.3}% 6
\BOOKMARK [0][-]{chapter.4}{\376\377\0004\000\040\000N\000a\000m\000e\000s\000p\000a\000c\000e\000\040\000D\000o\000c\000u\000m\000e\000n\000t\000a\000t\000i\000o\000n}{}% 7
\BOOKMARK [1][-]{section.4.1}{\376\377\0004\000.\0001\000\040\000g\000a\000m\000e\000\040\000N\000a\000m\000e\000s\000p\000a\000c\000e\000\040\000R\000e\000f\000e\000r\000e\000n\000c\000e}{chapter.4}% 8
\BOOKMARK [2][-]{subsection.4.1.1}{\376\377\0004\000.\0001\000.\0001\000\040\000D\000e\000t\000a\000i\000l\000e\000d\000\040\000D\000e\000s\000c\000r\000i\000p\000t\000i\000o\000n}{section.4.1}% 9
\BOOKMARK [0][-]{chapter.5}{\376\377\0005\000\040\000C\000l\000a\000s\000s\000\040\000D\000o\000c\000u\000m\000e\000n\000t\000a\000t\000i\000o\000n}{}% 10
\BOOKMARK [1][-]{section.5.1}{\376\377\0005\000.\0001\000\040\000g\000a\000m\000e\000:\000:\000A\000l\000i\000e\000n\000\040\000C\000l\000a\000s\000s\000\040\000R\000e\000f\000e\000r\000e\000n\000c\000e}{chapter.5}% 11
\BOOKMARK [1][-]{section.5.2}{\376\377\0005\000.\0002\000\040\000g\000a\000m\000e\000:\000:\000A\000l\000i\000e\000n\000B\000a\000s\000e\000\040\000C\000l\000a\000s\000s\000\040\000R\000e\000f\000e\000r\000e\000n\000c\000e}{chapter.5}% 12
\BOOKMARK [1][-]{section.5.3}{\376\377\0005\000.\0003\000\040\000g\000a\000m\000e\000:\000:\000A\000l\000i\000e\000n\000B\000u\000i\000l\000d\000e\000r\000\040\000C\000l\000a\000s\000s\000\040\000R\000e\000f\000e\000r\000e\000n\000c\000e}{chapter.5}% 13
\BOOKMARK [1][-]{section.5.4}{\376\377\0005\000.\0004\000\040\000B\000a\000c\000k\000g\000r\000o\000u\000n\000d\000\040\000C\000l\000a\000s\000s\000\040\000R\000e\000f\000e\000r\000e\000n\000c\000e}{chapter.5}% 14
\BOOKMARK [1][-]{section.5.5}{\376\377\0005\000.\0005\000\040\000g\000a\000m\000e\000:\000:\000B\000a\000r\000r\000i\000e\000r\000B\000l\000o\000c\000k\000\040\000C\000l\000a\000s\000s\000\040\000R\000e\000f\000e\000r\000e\000n\000c\000e}{chapter.5}% 15
\BOOKMARK [1][-]{section.5.6}{\376\377\0005\000.\0006\000\040\000g\000a\000m\000e\000:\000:\000B\000a\000s\000e\000\040\000C\000l\000a\000s\000s\000\040\000R\000e\000f\000e\000r\000e\000n\000c\000e}{chapter.5}% 16
\BOOKMARK [1][-]{section.5.7}{\376\377\0005\000.\0007\000\040\000g\000a\000m\000e\000:\000:\000B\000u\000l\000l\000e\000t\000\040\000C\000l\000a\000s\000s\000\040\000R\000e\000f\000e\000r\000e\000n\000c\000e}{chapter.5}% 17
\BOOKMARK [1][-]{section.5.8}{\376\377\0005\000.\0008\000\040\000g\000a\000m\000e\000:\000:\000B\000u\000l\000l\000e\000t\000B\000u\000i\000l\000d\000e\000r\000\040\000C\000l\000a\000s\000s\000\040\000R\000e\000f\000e\000r\000e\000n\000c\000e}{chapter.5}% 18
\BOOKMARK [1][-]{section.5.9}{\376\377\0005\000.\0009\000\040\000g\000a\000m\000e\000:\000:\000B\000u\000l\000l\000e\000t\000B\000u\000i\000l\000d\000e\000r\000I\000n\000t\000e\000r\000f\000a\000c\000e\000\040\000C\000l\000a\000s\000s\000\040\000R\000e\000f\000e\000r\000e\000n\000c\000e}{chapter.5}% 19
\BOOKMARK [1][-]{section.5.10}{\376\377\0005\000.\0001\0000\000\040\000g\000a\000m\000e\000:\000:\000C\000o\000m\000m\000a\000n\000d\000\040\000C\000l\000a\000s\000s\000\040\000R\000e\000f\000e\000r\000e\000n\000c\000e}{chapter.5}% 20
\BOOKMARK [1][-]{section.5.11}{\376\377\0005\000.\0001\0001\000\040\000g\000a\000m\000e\000:\000:\000C\000o\000m\000m\000a\000n\000d\000C\000l\000e\000a\000r\000S\000t\000a\000g\000e\000\040\000C\000l\000a\000s\000s\000\040\000R\000e\000f\000e\000r\000e\000n\000c\000e}{chapter.5}% 21
\BOOKMARK [1][-]{section.5.12}{\376\377\0005\000.\0001\0002\000\040\000g\000a\000m\000e\000:\000:\000C\000o\000m\000m\000a\000n\000d\000G\000a\000m\000e\000P\000a\000u\000s\000e\000\040\000C\000l\000a\000s\000s\000\040\000R\000e\000f\000e\000r\000e\000n\000c\000e}{chapter.5}% 22
\BOOKMARK [1][-]{section.5.13}{\376\377\0005\000.\0001\0003\000\040\000g\000a\000m\000e\000:\000:\000C\000o\000m\000m\000a\000n\000d\000G\000a\000m\000e\000S\000t\000a\000r\000t\000\040\000C\000l\000a\000s\000s\000\040\000R\000e\000f\000e\000r\000e\000n\000c\000e}{chapter.5}% 23
\BOOKMARK [1][-]{section.5.14}{\376\377\0005\000.\0001\0004\000\040\000g\000a\000m\000e\000:\000:\000C\000o\000m\000m\000a\000n\000d\000G\000o\000t\000o\000G\000a\000m\000e\000M\000o\000d\000e\000\040\000C\000l\000a\000s\000s\000\040\000R\000e\000f\000e\000r\000e\000n\000c\000e}{chapter.5}% 24
\BOOKMARK [1][-]{section.5.15}{\376\377\0005\000.\0001\0005\000\040\000g\000a\000m\000e\000:\000:\000C\000o\000m\000m\000a\000n\000d\000G\000o\000t\000o\000L\000e\000a\000d\000e\000r\000B\000o\000a\000r\000d\000M\000o\000d\000e\000\040\000C\000l\000a\000s\000s\000\040\000R\000e\000f\000e\000r\000e\000n\000c\000e}{chapter.5}% 25
\BOOKMARK [1][-]{section.5.16}{\376\377\0005\000.\0001\0006\000\040\000g\000a\000m\000e\000:\000:\000C\000o\000m\000m\000a\000n\000d\000G\000o\000t\000o\000S\000t\000a\000g\000e\000M\000a\000k\000e\000r\000M\000o\000d\000e\000\040\000C\000l\000a\000s\000s\000\040\000R\000e\000f\000e\000r\000e\000n\000c\000e}{chapter.5}% 26
\BOOKMARK [1][-]{section.5.17}{\376\377\0005\000.\0001\0007\000\040\000g\000a\000m\000e\000:\000:\000C\000o\000m\000m\000a\000n\000d\000G\000o\000t\000o\000T\000i\000t\000l\000e\000S\000c\000r\000e\000e\000n\000M\000o\000d\000e\000\040\000C\000l\000a\000s\000s\000\040\000R\000e\000f\000e\000r\000e\000n\000c\000e}{chapter.5}% 27
\BOOKMARK [1][-]{section.5.18}{\376\377\0005\000.\0001\0008\000\040\000g\000a\000m\000e\000:\000:\000C\000o\000m\000m\000a\000n\000d\000R\000e\000s\000t\000a\000r\000t\000S\000t\000a\000g\000e\000\040\000C\000l\000a\000s\000s\000\040\000R\000e\000f\000e\000r\000e\000n\000c\000e}{chapter.5}% 28
\BOOKMARK [1][-]{section.5.19}{\376\377\0005\000.\0001\0009\000\040\000g\000a\000m\000e\000:\000:\000C\000o\000n\000f\000i\000g\000\040\000C\000l\000a\000s\000s\000\040\000R\000e\000f\000e\000r\000e\000n\000c\000e}{chapter.5}% 29
\BOOKMARK [1][-]{section.5.20}{\376\377\0005\000.\0002\0000\000\040\000g\000a\000m\000e\000:\000:\000C\000u\000r\000s\000o\000r\000\040\000C\000l\000a\000s\000s\000\040\000R\000e\000f\000e\000r\000e\000n\000c\000e}{chapter.5}% 30
\BOOKMARK [1][-]{section.5.21}{\376\377\0005\000.\0002\0001\000\040\000g\000a\000m\000e\000:\000:\000C\000u\000r\000s\000o\000r\000S\000t\000a\000t\000e\000\040\000C\000l\000a\000s\000s\000\040\000R\000e\000f\000e\000r\000e\000n\000c\000e}{chapter.5}% 31
\BOOKMARK [1][-]{section.5.22}{\376\377\0005\000.\0002\0002\000\040\000g\000a\000m\000e\000:\000:\000D\000i\000a\000g\000o\000n\000a\000l\000B\000u\000l\000l\000e\000t\000\040\000C\000l\000a\000s\000s\000\040\000R\000e\000f\000e\000r\000e\000n\000c\000e}{chapter.5}% 32
\BOOKMARK [1][-]{section.5.23}{\376\377\0005\000.\0002\0003\000\040\000D\000i\000a\000l\000o\000g\000\040\000C\000l\000a\000s\000s\000\040\000R\000e\000f\000e\000r\000e\000n\000c\000e}{chapter.5}% 33
\BOOKMARK [1][-]{section.5.24}{\376\377\0005\000.\0002\0004\000\040\000E\000x\000p\000l\000o\000s\000i\000o\000n\000\040\000C\000l\000a\000s\000s\000\040\000R\000e\000f\000e\000r\000e\000n\000c\000e}{chapter.5}% 34
\BOOKMARK [1][-]{section.5.25}{\376\377\0005\000.\0002\0005\000\040\000g\000a\000m\000e\000:\000:\000F\000i\000g\000h\000t\000e\000r\000S\000t\000a\000t\000e\000\040\000C\000l\000a\000s\000s\000\040\000R\000e\000f\000e\000r\000e\000n\000c\000e}{chapter.5}% 35
\BOOKMARK [1][-]{section.5.26}{\376\377\0005\000.\0002\0006\000\040\000g\000a\000m\000e\000:\000:\000G\000a\000m\000e\000D\000i\000a\000l\000o\000g\000\040\000C\000l\000a\000s\000s\000\040\000R\000e\000f\000e\000r\000e\000n\000c\000e}{chapter.5}% 36
\BOOKMARK [1][-]{section.5.27}{\376\377\0005\000.\0002\0007\000\040\000g\000a\000m\000e\000:\000:\000G\000a\000m\000e\000M\000e\000n\000u\000\040\000C\000l\000a\000s\000s\000\040\000R\000e\000f\000e\000r\000e\000n\000c\000e}{chapter.5}% 37
\BOOKMARK [1][-]{section.5.28}{\376\377\0005\000.\0002\0008\000\040\000g\000a\000m\000e\000:\000:\000H\000u\000n\000t\000e\000r\000\040\000C\000l\000a\000s\000s\000\040\000R\000e\000f\000e\000r\000e\000n\000c\000e}{chapter.5}% 38
\BOOKMARK [1][-]{section.5.29}{\376\377\0005\000.\0002\0009\000\040\000g\000a\000m\000e\000:\000:\000I\000n\000s\000t\000r\000u\000c\000t\000i\000o\000n\000R\000e\000q\000u\000e\000s\000t\000\040\000C\000l\000a\000s\000s\000\040\000R\000e\000f\000e\000r\000e\000n\000c\000e}{chapter.5}% 39
\BOOKMARK [1][-]{section.5.30}{\376\377\0005\000.\0003\0000\000\040\000g\000a\000m\000e\000:\000:\000L\000a\000s\000e\000r\000B\000e\000a\000m\000\040\000S\000t\000r\000u\000c\000t\000\040\000R\000e\000f\000e\000r\000e\000n\000c\000e}{chapter.5}% 40
\BOOKMARK [1][-]{section.5.31}{\376\377\0005\000.\0003\0001\000\040\000g\000a\000m\000e\000:\000:\000L\000e\000a\000d\000e\000r\000B\000o\000a\000r\000d\000\040\000C\000l\000a\000s\000s\000\040\000R\000e\000f\000e\000r\000e\000n\000c\000e}{chapter.5}% 41
\BOOKMARK [1][-]{section.5.32}{\376\377\0005\000.\0003\0002\000\040\000L\000e\000a\000d\000e\000r\000B\000o\000a\000r\000d\000N\000a\000m\000e\000R\000e\000q\000u\000e\000s\000t\000\040\000C\000l\000a\000s\000s\000\040\000R\000e\000f\000e\000r\000e\000n\000c\000e}{chapter.5}% 42
\BOOKMARK [1][-]{section.5.33}{\376\377\0005\000.\0003\0003\000\040\000g\000a\000m\000e\000:\000:\000M\000a\000k\000e\000r\000S\000t\000a\000t\000e\000\040\000C\000l\000a\000s\000s\000\040\000R\000e\000f\000e\000r\000e\000n\000c\000e}{chapter.5}% 43
\BOOKMARK [1][-]{section.5.34}{\376\377\0005\000.\0003\0004\000\040\000g\000a\000m\000e\000:\000:\000M\000e\000n\000u\000\040\000C\000l\000a\000s\000s\000\040\000R\000e\000f\000e\000r\000e\000n\000c\000e}{chapter.5}% 44
\BOOKMARK [1][-]{section.5.35}{\376\377\0005\000.\0003\0005\000\040\000g\000a\000m\000e\000:\000:\000N\000o\000r\000m\000a\000l\000S\000t\000a\000t\000e\000\040\000C\000l\000a\000s\000s\000\040\000R\000e\000f\000e\000r\000e\000n\000c\000e}{chapter.5}% 45
\BOOKMARK [1][-]{section.5.36}{\376\377\0005\000.\0003\0006\000\040\000g\000a\000m\000e\000:\000:\000P\000e\000n\000S\000t\000a\000t\000e\000\040\000C\000l\000a\000s\000s\000\040\000R\000e\000f\000e\000r\000e\000n\000c\000e}{chapter.5}% 46
\BOOKMARK [1][-]{section.5.37}{\376\377\0005\000.\0003\0007\000\040\000g\000a\000m\000e\000:\000:\000P\000o\000w\000e\000r\000u\000p\000\040\000C\000l\000a\000s\000s\000\040\000R\000e\000f\000e\000r\000e\000n\000c\000e}{chapter.5}% 47
\BOOKMARK [1][-]{section.5.38}{\376\377\0005\000.\0003\0008\000\040\000g\000a\000m\000e\000:\000:\000S\000h\000i\000p\000\040\000C\000l\000a\000s\000s\000\040\000R\000e\000f\000e\000r\000e\000n\000c\000e}{chapter.5}% 48
\BOOKMARK [1][-]{section.5.39}{\376\377\0005\000.\0003\0009\000\040\000g\000a\000m\000e\000:\000:\000S\000M\000a\000k\000e\000r\000P\000l\000a\000c\000e\000d\000O\000b\000j\000e\000c\000t\000\040\000S\000t\000r\000u\000c\000t\000\040\000R\000e\000f\000e\000r\000e\000n\000c\000e}{chapter.5}% 49
\BOOKMARK [1][-]{section.5.40}{\376\377\0005\000.\0004\0000\000\040\000g\000a\000m\000e\000:\000:\000S\000t\000a\000g\000e\000M\000a\000k\000e\000r\000\040\000C\000l\000a\000s\000s\000\040\000R\000e\000f\000e\000r\000e\000n\000c\000e}{chapter.5}% 50
\BOOKMARK [1][-]{section.5.41}{\376\377\0005\000.\0004\0001\000\040\000s\000t\000a\000r\000\040\000S\000t\000r\000u\000c\000t\000\040\000R\000e\000f\000e\000r\000e\000n\000c\000e}{chapter.5}% 51
\BOOKMARK [1][-]{section.5.42}{\376\377\0005\000.\0004\0002\000\040\000g\000a\000m\000e\000:\000:\000S\000t\000a\000t\000u\000s\000B\000a\000r\000\040\000C\000l\000a\000s\000s\000\040\000R\000e\000f\000e\000r\000e\000n\000c\000e}{chapter.5}% 52
\BOOKMARK [1][-]{section.5.43}{\376\377\0005\000.\0004\0003\000\040\000g\000a\000m\000e\000:\000:\000S\000w\000a\000r\000m\000\040\000C\000l\000a\000s\000s\000\040\000R\000e\000f\000e\000r\000e\000n\000c\000e}{chapter.5}% 53
\BOOKMARK [2][-]{subsection.5.43.1}{\376\377\0005\000.\0004\0003\000.\0001\000\040\000C\000o\000n\000s\000t\000r\000u\000c\000t\000o\000r\000\040\000\046\000\040\000D\000e\000s\000t\000r\000u\000c\000t\000o\000r\000\040\000D\000o\000c\000u\000m\000e\000n\000t\000a\000t\000i\000o\000n}{section.5.43}% 54
\BOOKMARK [3][-]{subsubsection.5.43.1.1}{\376\377\0005\000.\0004\0003\000.\0001\000.\0001\000\040\000S\000w\000a\000r\000m\000\050\000\051}{subsection.5.43.1}% 55
\BOOKMARK [1][-]{section.5.44}{\376\377\0005\000.\0004\0004\000\040\000g\000a\000m\000e\000:\000:\000S\000w\000a\000r\000m\000I\000n\000f\000o\000\040\000C\000l\000a\000s\000s\000\040\000R\000e\000f\000e\000r\000e\000n\000c\000e}{chapter.5}% 56
\BOOKMARK [1][-]{section.5.45}{\376\377\0005\000.\0004\0005\000\040\000g\000a\000m\000e\000:\000:\000U\000n\000i\000t\000T\000e\000s\000t\000S\000p\000a\000c\000e\000I\000n\000v\000a\000d\000e\000r\000\040\000C\000l\000a\000s\000s\000\040\000R\000e\000f\000e\000r\000e\000n\000c\000e}{chapter.5}% 57
\BOOKMARK [0][-]{section*.123}{\376\377\000I\000n\000d\000e\000x}{}% 58
